# Logfile created on 2014-01-12 11:08:39 -0800 by logger.rb/41954
I, [2014-01-12T11:08:39.155213 #17702]  INFO -- : 0:  ansi (1.4.3) from /home/toasty/.rvm/gems/ruby-2.0.0-p353/specifications/ansi-1.4.3.gemspec
I, [2014-01-12T11:08:39.815634 #17702]  INFO -- : 0:  minitest (5.2.1) from /home/toasty/.rvm/gems/ruby-2.0.0-p353/specifications/minitest-5.2.1.gemspec
I, [2014-01-12T11:08:39.989455 #17702]  INFO -- : 0:  turn (0.9.6) from /home/toasty/.rvm/gems/ruby-2.0.0-p353/specifications/turn-0.9.6.gemspec
I, [2014-01-12T11:08:40.272395 #17702]  INFO -- : 0:  vcr (2.8.0) from /home/toasty/.rvm/gems/ruby-2.0.0-p353/specifications/vcr-2.8.0.gemspec
I, [2014-01-12T11:08:40.272844 #17702]  INFO -- : 0:  bundler (1.5.1) from /home/toasty/.rvm/gems/ruby-2.0.0-p353/specifications/bundler-1.5.1.gemspec
I, [2014-01-12T12:34:24.521259 #18761]  INFO -- : 0:  rake (10.1.1) from /home/toasty/.rvm/gems/ruby-2.0.0-p353/specifications/rake-10.1.1.gemspec
I, [2014-01-12T12:34:24.521723 #18761]  INFO -- : 0:  addressable (2.3.5) from /home/toasty/.rvm/gems/ruby-2.0.0-p353/specifications/addressable-2.3.5.gemspec
I, [2014-01-12T12:34:24.522025 #18761]  INFO -- : 0:  ansi (1.4.3) from /home/toasty/.rvm/gems/ruby-2.0.0-p353/specifications/ansi-1.4.3.gemspec
I, [2014-01-12T12:34:24.697646 #18761]  INFO -- : 0:  safe_yaml (0.9.7) from /home/toasty/.rvm/gems/ruby-2.0.0-p353/specifications/safe_yaml-0.9.7.gemspec
I, [2014-01-12T12:34:24.842039 #18761]  INFO -- : 0:  crack (0.4.1) from /home/toasty/.rvm/gems/ruby-2.0.0-p353/specifications/crack-0.4.1.gemspec
I, [2014-01-12T12:34:24.842792 #18761]  INFO -- : 0:  minitest (5.2.1) from /home/toasty/.rvm/gems/ruby-2.0.0-p353/specifications/minitest-5.2.1.gemspec
I, [2014-01-12T12:34:24.843322 #18761]  INFO -- : 0:  turn (0.9.6) from /home/toasty/.rvm/gems/ruby-2.0.0-p353/specifications/turn-0.9.6.gemspec
I, [2014-01-12T12:34:24.843831 #18761]  INFO -- : 0:  vcr (2.8.0) from /home/toasty/.rvm/gems/ruby-2.0.0-p353/specifications/vcr-2.8.0.gemspec
I, [2014-01-12T12:34:25.114127 #18761]  INFO -- : 0:  webmock (1.16.1) from /home/toasty/.rvm/gems/ruby-2.0.0-p353/specifications/webmock-1.16.1.gemspec
I, [2014-01-12T12:34:25.114655 #18761]  INFO -- : 0:  bundler (1.5.1) from /home/toasty/.rvm/gems/ruby-2.0.0-p353/specifications/bundler-1.5.1.gemspec
I, [2014-01-12T12:37:27.788723 #18890]  INFO -- : 0:  rake (10.1.1) from /home/toasty/.rvm/gems/ruby-2.0.0-p353/specifications/rake-10.1.1.gemspec
I, [2014-01-12T12:37:27.789219 #18890]  INFO -- : 0:  addressable (2.3.5) from /home/toasty/.rvm/gems/ruby-2.0.0-p353/specifications/addressable-2.3.5.gemspec
I, [2014-01-12T12:37:27.789629 #18890]  INFO -- : 0:  ansi (1.4.3) from /home/toasty/.rvm/gems/ruby-2.0.0-p353/specifications/ansi-1.4.3.gemspec
I, [2014-01-12T12:37:27.789947 #18890]  INFO -- : 0:  safe_yaml (0.9.7) from /home/toasty/.rvm/gems/ruby-2.0.0-p353/specifications/safe_yaml-0.9.7.gemspec
I, [2014-01-12T12:37:27.790225 #18890]  INFO -- : 0:  crack (0.4.1) from /home/toasty/.rvm/gems/ruby-2.0.0-p353/specifications/crack-0.4.1.gemspec
I, [2014-01-12T12:37:27.790510 #18890]  INFO -- : 0:  minitest (5.2.1) from /home/toasty/.rvm/gems/ruby-2.0.0-p353/specifications/minitest-5.2.1.gemspec
I, [2014-01-12T12:37:27.790764 #18890]  INFO -- : 0:  turn (0.9.6) from /home/toasty/.rvm/gems/ruby-2.0.0-p353/specifications/turn-0.9.6.gemspec
I, [2014-01-12T12:37:27.791028 #18890]  INFO -- : 0:  vcr (2.8.0) from /home/toasty/.rvm/gems/ruby-2.0.0-p353/specifications/vcr-2.8.0.gemspec
I, [2014-01-12T12:37:27.791305 #18890]  INFO -- : 0:  webmock (1.16.1) from /home/toasty/.rvm/gems/ruby-2.0.0-p353/specifications/webmock-1.16.1.gemspec
I, [2014-01-12T12:37:27.791587 #18890]  INFO -- : 0:  bundler (1.5.1) from /home/toasty/.rvm/gems/ruby-2.0.0-p353/specifications/bundler-1.5.1.gemspec
I, [2014-01-12T12:54:30.730782 #19339]  INFO -- : 0:  rake (10.1.1) from /home/toasty/.rvm/gems/ruby-2.0.0-p353/specifications/rake-10.1.1.gemspec
I, [2014-01-12T12:54:30.731201 #19339]  INFO -- : 0:  addressable (2.3.5) from /home/toasty/.rvm/gems/ruby-2.0.0-p353/specifications/addressable-2.3.5.gemspec
I, [2014-01-12T12:54:30.731479 #19339]  INFO -- : 0:  ansi (1.4.3) from /home/toasty/.rvm/gems/ruby-2.0.0-p353/specifications/ansi-1.4.3.gemspec
I, [2014-01-12T12:54:30.731735 #19339]  INFO -- : 0:  safe_yaml (0.9.7) from /home/toasty/.rvm/gems/ruby-2.0.0-p353/specifications/safe_yaml-0.9.7.gemspec
I, [2014-01-12T12:54:30.731988 #19339]  INFO -- : 0:  crack (0.4.1) from /home/toasty/.rvm/gems/ruby-2.0.0-p353/specifications/crack-0.4.1.gemspec
I, [2014-01-12T12:54:30.732259 #19339]  INFO -- : 0:  minitest (5.2.1) from /home/toasty/.rvm/gems/ruby-2.0.0-p353/specifications/minitest-5.2.1.gemspec
I, [2014-01-12T12:54:30.732510 #19339]  INFO -- : 0:  turn (0.9.6) from /home/toasty/.rvm/gems/ruby-2.0.0-p353/specifications/turn-0.9.6.gemspec
I, [2014-01-12T12:54:30.732757 #19339]  INFO -- : 0:  vcr (2.8.0) from /home/toasty/.rvm/gems/ruby-2.0.0-p353/specifications/vcr-2.8.0.gemspec
I, [2014-01-12T12:54:30.733006 #19339]  INFO -- : 0:  webmock (1.16.1) from /home/toasty/.rvm/gems/ruby-2.0.0-p353/specifications/webmock-1.16.1.gemspec
I, [2014-01-12T12:54:30.733250 #19339]  INFO -- : 0:  bundler (1.5.1) from /home/toasty/.rvm/gems/ruby-2.0.0-p353/specifications/bundler-1.5.1.gemspec
I, [2014-01-12T12:55:46.908152 #19382]  INFO -- : 0:  rake (10.1.1) from /home/toasty/.rvm/gems/ruby-2.0.0-p353/specifications/rake-10.1.1.gemspec
I, [2014-01-12T12:55:46.908571 #19382]  INFO -- : 0:  addressable (2.3.5) from /home/toasty/.rvm/gems/ruby-2.0.0-p353/specifications/addressable-2.3.5.gemspec
I, [2014-01-12T12:55:46.908856 #19382]  INFO -- : 0:  ansi (1.4.3) from /home/toasty/.rvm/gems/ruby-2.0.0-p353/specifications/ansi-1.4.3.gemspec
I, [2014-01-12T12:55:46.909132 #19382]  INFO -- : 0:  safe_yaml (0.9.7) from /home/toasty/.rvm/gems/ruby-2.0.0-p353/specifications/safe_yaml-0.9.7.gemspec
I, [2014-01-12T12:55:46.909426 #19382]  INFO -- : 0:  crack (0.4.1) from /home/toasty/.rvm/gems/ruby-2.0.0-p353/specifications/crack-0.4.1.gemspec
I, [2014-01-12T12:55:46.909709 #19382]  INFO -- : 0:  json (1.8.1) from /home/toasty/.rvm/gems/ruby-2.0.0-p353/specifications/json-1.8.1.gemspec
I, [2014-01-12T12:55:47.135190 #19382]  INFO -- : 0:  multi_xml (0.5.5) from /home/toasty/.rvm/gems/ruby-2.0.0-p353/specifications/multi_xml-0.5.5.gemspec
I, [2014-01-12T12:55:47.845934 #19382]  INFO -- : 0:  httparty (0.12.0) from /home/toasty/.rvm/gems/ruby-2.0.0-p353/specifications/httparty-0.12.0.gemspec
I, [2014-01-12T12:55:47.846552 #19382]  INFO -- : 0:  minitest (5.2.1) from /home/toasty/.rvm/gems/ruby-2.0.0-p353/specifications/minitest-5.2.1.gemspec
I, [2014-01-12T12:55:47.846955 #19382]  INFO -- : 0:  turn (0.9.6) from /home/toasty/.rvm/gems/ruby-2.0.0-p353/specifications/turn-0.9.6.gemspec
I, [2014-01-12T12:55:47.847354 #19382]  INFO -- : 0:  vcr (2.8.0) from /home/toasty/.rvm/gems/ruby-2.0.0-p353/specifications/vcr-2.8.0.gemspec
I, [2014-01-12T12:55:47.847739 #19382]  INFO -- : 0:  webmock (1.16.1) from /home/toasty/.rvm/gems/ruby-2.0.0-p353/specifications/webmock-1.16.1.gemspec
I, [2014-01-12T12:55:47.848107 #19382]  INFO -- : 0:  bundler (1.5.1) from /home/toasty/.rvm/gems/ruby-2.0.0-p353/specifications/bundler-1.5.1.gemspec
I, [2014-01-12T12:59:49.272266 #19528]  INFO -- : 0:  rake (10.1.1) from /home/toasty/.rvm/gems/ruby-2.0.0-p353/specifications/rake-10.1.1.gemspec
I, [2014-01-12T12:59:49.272643 #19528]  INFO -- : 0:  addressable (2.3.5) from /home/toasty/.rvm/gems/ruby-2.0.0-p353/specifications/addressable-2.3.5.gemspec
I, [2014-01-12T12:59:49.272903 #19528]  INFO -- : 0:  ansi (1.4.3) from /home/toasty/.rvm/gems/ruby-2.0.0-p353/specifications/ansi-1.4.3.gemspec
I, [2014-01-12T12:59:49.273154 #19528]  INFO -- : 0:  safe_yaml (0.9.7) from /home/toasty/.rvm/gems/ruby-2.0.0-p353/specifications/safe_yaml-0.9.7.gemspec
I, [2014-01-12T12:59:49.273411 #19528]  INFO -- : 0:  crack (0.4.1) from /home/toasty/.rvm/gems/ruby-2.0.0-p353/specifications/crack-0.4.1.gemspec
I, [2014-01-12T12:59:49.273676 #19528]  INFO -- : 0:  json (1.8.1) from /home/toasty/.rvm/gems/ruby-2.0.0-p353/specifications/json-1.8.1.gemspec
I, [2014-01-12T12:59:49.273927 #19528]  INFO -- : 0:  multi_xml (0.5.5) from /home/toasty/.rvm/gems/ruby-2.0.0-p353/specifications/multi_xml-0.5.5.gemspec
I, [2014-01-12T12:59:49.274187 #19528]  INFO -- : 0:  httparty (0.12.0) from /home/toasty/.rvm/gems/ruby-2.0.0-p353/specifications/httparty-0.12.0.gemspec
I, [2014-01-12T12:59:49.274478 #19528]  INFO -- : 0:  minitest (5.2.1) from /home/toasty/.rvm/gems/ruby-2.0.0-p353/specifications/minitest-5.2.1.gemspec
I, [2014-01-12T12:59:49.274726 #19528]  INFO -- : 0:  turn (0.9.6) from /home/toasty/.rvm/gems/ruby-2.0.0-p353/specifications/turn-0.9.6.gemspec
I, [2014-01-12T12:59:49.274972 #19528]  INFO -- : 0:  vcr (2.8.0) from /home/toasty/.rvm/gems/ruby-2.0.0-p353/specifications/vcr-2.8.0.gemspec
I, [2014-01-12T12:59:49.275229 #19528]  INFO -- : 0:  webmock (1.16.1) from /home/toasty/.rvm/gems/ruby-2.0.0-p353/specifications/webmock-1.16.1.gemspec
I, [2014-01-12T12:59:49.275477 #19528]  INFO -- : 0:  bundler (1.5.1) from /home/toasty/.rvm/gems/ruby-2.0.0-p353/specifications/bundler-1.5.1.gemspec
